{"level":"info","message":"Server connected to --> 3001 Port","timestamp":"2023-11-09T10:00:30.869Z"}
{"level":"info","message":"Server connected to --> 3001 Port","timestamp":"2023-11-09T10:18:13.037Z"}
{"level":"info","message":"Server connected to --> 3001 Port","timestamp":"2023-11-12T03:16:43.647Z"}
{"level":"info","message":"Server connected to --> 3001 Port","timestamp":"2023-11-15T02:36:24.145Z"}
{"level":"info","message":"Server connected to --> 3001 Port","timestamp":"2023-11-16T01:39:40.023Z"}
{"level":"info","message":"Server connected to --> 3001 Port","timestamp":"2023-11-16T01:40:32.758Z"}
{"level":"info","message":"Server connected to --> 3001 Port","timestamp":"2023-11-16T01:42:19.351Z"}
{"level":"error","message":"server error inside registerGrievance funtionReferenceError: applicant_regno is not defined","timestamp":"2023-11-16T01:42:24.877Z"}
{"level":"error","message":"server error inside registerGrievance funtionReferenceError: applicant_regno is not defined","timestamp":"2023-11-16T01:44:13.049Z"}
{"level":"info","message":"Server connected to --> 3001 Port","timestamp":"2023-11-16T01:44:27.232Z"}
{"level":"error","message":"server error inside registerGrievance funtionReferenceError: applicant_regno is not defined","timestamp":"2023-11-16T01:44:31.103Z"}
{"level":"info","message":"Server connected to --> 3001 Port","timestamp":"2023-11-16T01:46:31.504Z"}
{"level":"error","message":"server error inside registerGrievance funtionReferenceError: applicant_regno is not defined","timestamp":"2023-11-16T01:46:45.859Z"}
{"level":"info","message":"Server connected to --> 3001 Port","timestamp":"2023-11-16T01:47:38.033Z"}
{"level":"error","message":"server error inside registerGrievance funtionReferenceError: grievance_status is not defined","timestamp":"2023-11-16T01:47:40.881Z"}
{"level":"info","message":"Server connected to --> 3001 Port","timestamp":"2023-11-16T01:51:09.965Z"}
{"level":"error","message":"server error inside registerGrievance funtionReferenceError: grievance is not defined","timestamp":"2023-11-16T01:51:14.136Z"}
{"level":"info","message":"Server connected to --> 3001 Port","timestamp":"2023-11-16T01:52:22.183Z"}
{"level":"error","message":"server error inside registerGrievance funtionReferenceError: grievance_uploaded_doc_path is not defined","timestamp":"2023-11-16T01:52:24.906Z"}
{"level":"info","message":"Server connected to --> 3001 Port","timestamp":"2023-11-16T01:53:24.825Z"}
{"level":"error","message":"server error inside registerGrievance funtionReferenceError: grievance_uploaded_doc_path is not defined","timestamp":"2023-11-16T01:53:29.105Z"}
{"level":"error","message":"server error inside registerGrievance funtionReferenceError: grievance_uploaded_doc_path is not defined","timestamp":"2023-11-16T01:53:43.833Z"}
{"level":"info","message":"Server connected to --> 3001 Port","timestamp":"2023-11-16T01:54:15.294Z"}
{"level":"error","message":"server error inside registerGrievance funtionSequelizeValidationError: notNull Violation: tbl_grievance.grievance_entry_date cannot be null","timestamp":"2023-11-16T01:54:18.360Z"}
{"level":"info","message":"Server connected to --> 3001 Port","timestamp":"2023-11-16T01:55:58.138Z"}
{"level":"error","message":"server error inside registerGrievance funtionSequelizeDatabaseError: column \"grievance_entry_date\" of relation \"tbl_grievance\" does not exist","timestamp":"2023-11-16T01:56:00.777Z"}
{"level":"info","message":"Server connected to --> 3001 Port","timestamp":"2023-11-16T02:00:55.442Z"}
{"level":"info","message":"Server connected to --> 3001 Port","timestamp":"2023-11-16T02:05:46.007Z"}
{"level":"error","message":"server error inside registerGrievance funtionSequelizeDatabaseError: invalid input syntax for type integer: \"NA\"","timestamp":"2023-11-16T02:05:57.615Z"}
{"level":"info","message":"Server connected to --> 3001 Port","timestamp":"2023-11-16T02:10:01.321Z"}
{"level":"error","message":"server error inside registerGrievance funtionSequelizeDatabaseError: null value in column \"grievance_resp\" of relation \"tbl_grievance_response\" violates not-null constraint","timestamp":"2023-11-16T02:10:12.597Z"}
{"level":"info","message":"Server connected to --> 3001 Port","timestamp":"2023-11-16T02:11:15.256Z"}
{"level":"error","message":"server error inside registerGrievance funtionSequelizeForeignKeyConstraintError: insert or update on table \"tbl_grievance_response\" violates foreign key constraint \"fk_subject\"","timestamp":"2023-11-16T02:11:17.909Z"}
{"level":"info","message":"Server connected to --> 3001 Port","timestamp":"2023-11-16T02:17:36.554Z"}
{"level":"error","message":"server error inside registerGrievance funtion[object Object]","timestamp":"2023-11-16T02:18:02.378Z"}
{"level":"info","message":"Server connected to --> 3001 Port","timestamp":"2023-11-16T02:19:28.333Z"}
{"level":"error","message":"server error inside registerGrievance funtion[object Object]","timestamp":"2023-11-16T02:19:55.043Z"}
{"level":"info","message":"Server connected to --> 3001 Port","timestamp":"2023-11-16T02:22:54.023Z"}
{"level":"error","message":"server error inside registerGrievance funtion[object Object]","timestamp":"2023-11-16T02:23:05.303Z"}
{"level":"info","message":"Server connected to --> 3001 Port","timestamp":"2023-11-16T02:25:43.387Z"}
{"level":"error","message":"server error inside registerGrievance funtion[object Object]","timestamp":"2023-11-16T02:25:52.463Z"}
{"level":"error","message":"server error inside registerGrievance funtion[object Object]","timestamp":"2023-11-16T02:26:07.662Z"}
{"level":"info","message":"Server connected to --> 3001 Port","timestamp":"2023-11-16T06:21:04.418Z"}
{"level":"error","message":"server error inside getAllGrievanceSubj funtionSequelizeDatabaseError: column \"nan\" does not exist","timestamp":"2023-11-16T06:21:09.201Z"}
{"level":"info","message":"Server connected to --> 3001 Port","timestamp":"2023-11-16T06:21:25.924Z"}
{"level":"error","message":"server error inside getAllGrievanceSubj funtionSequelizeDatabaseError: column \"nan\" does not exist","timestamp":"2023-11-16T06:21:28.153Z"}
{"level":"info","message":"Server connected to --> 3001 Port","timestamp":"2023-11-16T06:23:40.980Z"}
{"level":"error","message":"server error inside getAllGrievanceSubj funtionSequelizeDatabaseError: column \"nan\" does not exist","timestamp":"2023-11-16T06:23:45.879Z"}
{"level":"info","message":"Server connected to --> 3001 Port","timestamp":"2023-11-16T06:26:31.989Z"}
{"level":"info","message":"Server connected to --> 3001 Port","timestamp":"2023-11-16T06:27:42.121Z"}
{"level":"info","message":"Server connected to --> 3001 Port","timestamp":"2023-11-16T06:28:01.629Z"}
{"level":"info","message":"Server connected to --> 3001 Port","timestamp":"2023-11-16T06:28:22.340Z"}
{"level":"info","message":"Server connected to --> 3001 Port","timestamp":"2023-11-16T06:29:23.987Z"}
{"level":"info","message":"Server connected to --> 3001 Port","timestamp":"2023-11-16T06:30:04.488Z"}
{"level":"info","message":"Server connected to --> 3001 Port","timestamp":"2023-11-16T06:39:13.860Z"}
{"level":"info","message":"Server connected to --> 3001 Port","timestamp":"2023-11-16T06:57:36.710Z"}
{"level":"error","message":"server error inside getAllGrievanceSubj funtionSequelizeDatabaseError: column \"id\" does not exist","timestamp":"2023-11-16T06:59:01.817Z"}
{"level":"info","message":"Server connected to --> 3001 Port","timestamp":"2023-11-16T07:04:47.803Z"}
{"level":"error","message":"server error inside getAllGrievanceSubj funtionSequelizeDatabaseError: column \"id\" does not exist","timestamp":"2023-11-16T07:04:50.881Z"}
{"level":"info","message":"Server connected to --> 3001 Port","timestamp":"2023-11-16T07:05:06.882Z"}
{"level":"info","message":"Server connected to --> 3001 Port","timestamp":"2023-11-16T07:06:55.217Z"}
{"level":"error","message":"server error inside getAllGrievanceSubj funtionSequelizeDatabaseError: column \"id\" does not exist","timestamp":"2023-11-16T07:06:58.151Z"}
{"level":"info","message":"Server connected to --> 3001 Port","timestamp":"2023-11-16T07:15:22.446Z"}
{"level":"info","message":"Server connected to --> 3001 Port","timestamp":"2023-11-16T08:15:44.794Z"}
{"level":"info","message":"Server connected to --> 3001 Port","timestamp":"2023-11-16T08:20:09.010Z"}
{"level":"info","message":"Server connected to --> 3001 Port","timestamp":"2023-11-16T08:20:44.692Z"}
{"level":"error","message":"server error inside getGrievanceDetailViaName funtionError: Invalid value { '$like': '%test%' }","timestamp":"2023-11-16T08:21:48.096Z"}
{"level":"error","message":"server error inside getGrievanceDetailViaName funtionError: Invalid value { '$like': '%est%' }","timestamp":"2023-11-16T08:22:30.657Z"}
{"level":"info","message":"Server connected to --> 3001 Port","timestamp":"2023-11-16T08:22:46.660Z"}
{"level":"error","message":"server error inside getGrievanceDetailViaName funtionError: Invalid value { '$like': '%est%' }","timestamp":"2023-11-16T08:22:51.063Z"}
{"level":"info","message":"Server connected to --> 3001 Port","timestamp":"2023-11-16T08:23:55.376Z"}
{"level":"error","message":"server error inside getGrievanceDetailViaName funtionError: Invalid value { '$like': '%est%' }","timestamp":"2023-11-16T08:23:59.126Z"}
{"level":"info","message":"Server connected to --> 3001 Port","timestamp":"2023-11-16T08:25:30.888Z"}
{"level":"error","message":"server error inside getGrievanceDetailViaName funtionError: Invalid value { '$like': '%est%' }","timestamp":"2023-11-16T08:25:38.463Z"}
{"level":"info","message":"Server connected to --> 3001 Port","timestamp":"2023-11-16T08:27:23.800Z"}
{"level":"error","message":"server error inside getGrievanceDetailViaName funtionError: Invalid value { '$iLike': '%est%' }","timestamp":"2023-11-16T08:27:26.810Z"}
{"level":"info","message":"Server connected to --> 3001 Port","timestamp":"2023-11-16T08:29:48.918Z"}
{"level":"info","message":"Server connected to --> 3001 Port","timestamp":"2023-11-16T08:35:58.668Z"}
